<?xml version="1.0" encoding="UTF-8"?>
<testng-results ignored="0" total="1" passed="1" failed="0" skipped="0">
  <reporter-output>
  </reporter-output>
  <suite started-at="2021-11-17T17:09:20Z" name="Default suite" finished-at="2021-11-17T17:09:27Z" duration-ms="6600">
    <groups>
    </groups>
    <test started-at="2021-11-17T17:09:20Z" name="Default test" finished-at="2021-11-17T17:09:27Z" duration-ms="6600">
      <class name="POM.RegTest">
        <test-method signature="bookFlight()[pri:0, instance:POM.RegTest@4397ad89]" started-at="2021-11-17T17:09:20Z" name="bookFlight" finished-at="2021-11-17T17:09:27Z" duration-ms="6559" status="PASS">
          <reporter-output>
          </reporter-output>
        </test-method> <!-- bookFlight -->
      </class> <!-- POM.RegTest -->
    </test> <!-- Default test -->
  </suite> <!-- Default suite -->
</testng-results>
