<?xml version="1.0" encoding="UTF-8"?>
<!-- Generated by org.testng.reporters.JUnitXMLReporter -->
<testsuite ignored="0" hostname="DESKTOP-EC9NRGI" failures="0" tests="16" name="Default test" time="0.149" errors="0" timestamp="13 Nov 2021 15:51:43 GMT">
  <testcase classname="TestngSessions.ExceptedExceptConcept" name="test" time="0.016"/>
  <testcase classname="TestngSessions.InvocationCount" name="test" time="0.003"/>
  <testcase classname="TestngSessions.InvocationCount" name="test" time="0.002"/>
  <testcase classname="TestngSessions.InvocationCount" name="test" time="0.005"/>
  <testcase classname="TestngSessions.InvocationCount" name="test" time="0.002"/>
  <testcase classname="TestngSessions.InvocationCount" name="test" time="0.002"/>
  <testcase classname="TestngSessions.InvocationCount" name="test" time="0.005"/>
  <testcase classname="TestngSessions.InvocationCount" name="test" time="0.006"/>
  <testcase classname="TestngSessions.InvocationCount" name="test" time="0.003"/>
  <testcase classname="TestngSessions.InvocationCount" name="test" time="0.002"/>
  <testcase classname="TestngSessions.InvocationCount" name="test" time="0.001"/>
  <testcase classname="TestngSessions.PriorityTest" name="test2" time="0.003"/>
  <testcase classname="TestngSessions.PriorityTest" name="test4" time="0.002"/>
  <testcase classname="TestngSessions.PriorityTest" name="test3" time="0.002"/>
  <testcase classname="TestngSessions.PriorityTest" name="test5" time="0.002"/>
  <testcase classname="TestngSessions.PriorityTest" name="test1" time="0.001"/>
</testsuite> <!-- Default test -->
